2024-09-09 19:01:46,659 [Worker-5: Loading available Gradle versions] INFO  o.e.b.c.i.u.g.PublishedGradleVersions - Gradle version information cache is up-to-date. Trying to read.
2024-09-09 19:02:19,821 [Worker-5: Importing Maven projects] INFO  o.e.m.c.i.l.LifecycleMappingFactory - Using org.eclipse.m2e.jdt.JarLifecycleMapping lifecycle mapping for MavenProject: com.acs560.restaurantsales:restaurant-sales:0.0.1-SNAPSHOT @ C:\Users\bolli\ACS560\HW2_REST_API\restaurant-sales\restaurant-sales\pom.xml.
2024-09-09 19:02:21,900 [Worker-5: Importing Maven projects] INFO  o.e.m.j.i.AbstractJavaProjectConfigurator - Adding source folder /restaurant-sales/src/main/java
2024-09-09 19:02:21,903 [Worker-5: Importing Maven projects] INFO  o.e.m.j.i.AbstractJavaProjectConfigurator - Adding resource folder /restaurant-sales/src/main/resources
2024-09-09 19:02:21,913 [Worker-5: Importing Maven projects] INFO  o.e.m.j.i.AbstractJavaProjectConfigurator - Adding resource folder /restaurant-sales/src/main/resources
2024-09-09 19:02:21,918 [Worker-5: Importing Maven projects] INFO  o.e.m.j.i.AbstractJavaProjectConfigurator - Adding source folder /restaurant-sales/src/test/java
2024-09-09 19:02:21,920 [Worker-5: Importing Maven projects] INFO  o.e.m.j.i.AbstractJavaProjectConfigurator - Adding resource folder /restaurant-sales/src/test/resources
2024-09-09 19:02:23,062 [Worker-5: Importing Maven projects] INFO  o.e.m.c.i.p.ProjectConfigurationManager - Imported and configured 1 project(s) in 6 sec
2024-09-09 19:02:24,448 [Worker-19: Building] INFO  o.a.m.s.f.DefaultMavenResourcesFiltering - Copying 1 resource from src\main\resources to target\classes
2024-09-09 19:02:24,476 [Worker-19: Building] INFO  o.a.m.s.f.DefaultMavenResourcesFiltering - Copying 0 resource from src\main\resources to target\classes
2024-09-09 19:02:24,486 [Worker-19: Building] INFO  o.a.m.s.f.DefaultMavenResourcesFiltering - skip non existing resourceDirectory C:\Users\bolli\ACS560\HW2_REST_API\restaurant-sales\restaurant-sales\src\test\resources
2024-09-09 19:34:18,862 [Worker-6: Building] INFO  o.a.m.s.f.DefaultMavenResourcesFiltering - Copying 1 resource from src\main\resources to target\classes
2024-09-09 19:34:18,899 [Worker-6: Building] INFO  o.a.m.s.f.DefaultMavenResourcesFiltering - Copying 0 resource from src\main\resources to target\classes
2024-09-09 19:34:18,903 [Worker-6: Building] INFO  o.a.m.s.f.DefaultMavenResourcesFiltering - skip non existing resourceDirectory C:\Users\bolli\ACS560\HW2_REST_API\restaurant-sales\restaurant-sales\src\test\resources
2024-09-09 19:34:45,441 [Worker-27: Building] INFO  o.a.m.s.f.DefaultMavenResourcesFiltering - Copying 1 resource from src\main\resources to target\classes
2024-09-09 19:34:45,474 [Worker-27: Building] INFO  o.a.m.s.f.DefaultMavenResourcesFiltering - Copying 0 resource from src\main\resources to target\classes
2024-09-09 19:34:45,477 [Worker-27: Building] INFO  o.a.m.s.f.DefaultMavenResourcesFiltering - skip non existing resourceDirectory C:\Users\bolli\ACS560\HW2_REST_API\restaurant-sales\restaurant-sales\src\test\resources
2024-09-09 19:37:48,849 [Worker-28: Building] INFO  o.a.m.s.f.DefaultMavenResourcesFiltering - Copying 1 resource from src\main\resources to target\classes
2024-09-09 19:37:48,871 [Worker-28: Building] INFO  o.a.m.s.f.DefaultMavenResourcesFiltering - Copying 0 resource from src\main\resources to target\classes
2024-09-09 19:37:48,874 [Worker-28: Building] INFO  o.a.m.s.f.DefaultMavenResourcesFiltering - skip non existing resourceDirectory C:\Users\bolli\ACS560\HW2_REST_API\restaurant-sales\restaurant-sales\src\test\resources
2024-09-09 19:42:33,431 [Worker-30: Building] INFO  o.a.m.s.f.DefaultMavenResourcesFiltering - Copying 1 resource from src\main\resources to target\classes
2024-09-09 19:42:33,445 [Worker-30: Building] INFO  o.a.m.s.f.DefaultMavenResourcesFiltering - Copying 0 resource from src\main\resources to target\classes
2024-09-09 19:42:33,454 [Worker-30: Building] INFO  o.a.m.s.f.DefaultMavenResourcesFiltering - skip non existing resourceDirectory C:\Users\bolli\ACS560\HW2_REST_API\restaurant-sales\restaurant-sales\src\test\resources
2024-09-09 19:42:58,618 [Worker-29: Building] INFO  o.a.m.s.f.DefaultMavenResourcesFiltering - Copying 1 resource from src\main\resources to target\classes
2024-09-09 19:42:58,629 [Worker-29: Building] INFO  o.a.m.s.f.DefaultMavenResourcesFiltering - Copying 0 resource from src\main\resources to target\classes
2024-09-09 19:42:58,644 [Worker-29: Building] INFO  o.a.m.s.f.DefaultMavenResourcesFiltering - skip non existing resourceDirectory C:\Users\bolli\ACS560\HW2_REST_API\restaurant-sales\restaurant-sales\src\test\resources
2024-09-09 19:43:24,350 [Worker-31: Building] INFO  o.a.m.s.f.DefaultMavenResourcesFiltering - Copying 1 resource from src\main\resources to target\classes
2024-09-09 19:43:24,359 [Worker-31: Building] INFO  o.a.m.s.f.DefaultMavenResourcesFiltering - Copying 0 resource from src\main\resources to target\classes
2024-09-09 19:43:24,365 [Worker-31: Building] INFO  o.a.m.s.f.DefaultMavenResourcesFiltering - skip non existing resourceDirectory C:\Users\bolli\ACS560\HW2_REST_API\restaurant-sales\restaurant-sales\src\test\resources
2024-09-09 19:43:48,675 [Worker-29: Building] INFO  o.a.m.s.f.DefaultMavenResourcesFiltering - Copying 1 resource from src\main\resources to target\classes
2024-09-09 19:43:48,691 [Worker-29: Building] INFO  o.a.m.s.f.DefaultMavenResourcesFiltering - Copying 0 resource from src\main\resources to target\classes
2024-09-09 19:43:48,695 [Worker-29: Building] INFO  o.a.m.s.f.DefaultMavenResourcesFiltering - skip non existing resourceDirectory C:\Users\bolli\ACS560\HW2_REST_API\restaurant-sales\restaurant-sales\src\test\resources
2024-09-09 19:47:33,485 [Worker-31: Building] INFO  o.a.m.s.f.DefaultMavenResourcesFiltering - Copying 1 resource from src\main\resources to target\classes
2024-09-09 19:47:33,509 [Worker-31: Building] INFO  o.a.m.s.f.DefaultMavenResourcesFiltering - Copying 0 resource from src\main\resources to target\classes
2024-09-09 19:47:33,513 [Worker-31: Building] INFO  o.a.m.s.f.DefaultMavenResourcesFiltering - skip non existing resourceDirectory C:\Users\bolli\ACS560\HW2_REST_API\restaurant-sales\restaurant-sales\src\test\resources
2024-09-09 19:48:02,565 [Worker-32: Building] INFO  o.a.m.s.f.DefaultMavenResourcesFiltering - Copying 1 resource from src\main\resources to target\classes
2024-09-09 19:48:02,594 [Worker-32: Building] INFO  o.a.m.s.f.DefaultMavenResourcesFiltering - Copying 0 resource from src\main\resources to target\classes
2024-09-09 19:48:02,598 [Worker-32: Building] INFO  o.a.m.s.f.DefaultMavenResourcesFiltering - skip non existing resourceDirectory C:\Users\bolli\ACS560\HW2_REST_API\restaurant-sales\restaurant-sales\src\test\resources
2024-09-09 19:48:17,814 [Worker-30: Building] INFO  o.a.m.s.f.DefaultMavenResourcesFiltering - Copying 1 resource from src\main\resources to target\classes
2024-09-09 19:48:17,886 [Worker-30: Building] INFO  o.a.m.s.f.DefaultMavenResourcesFiltering - Copying 0 resource from src\main\resources to target\classes
2024-09-09 19:48:17,890 [Worker-30: Building] INFO  o.a.m.s.f.DefaultMavenResourcesFiltering - skip non existing resourceDirectory C:\Users\bolli\ACS560\HW2_REST_API\restaurant-sales\restaurant-sales\src\test\resources
2024-09-09 19:48:28,971 [Worker-32: Building] INFO  o.a.m.s.f.DefaultMavenResourcesFiltering - Copying 1 resource from src\main\resources to target\classes
2024-09-09 19:48:29,002 [Worker-32: Building] INFO  o.a.m.s.f.DefaultMavenResourcesFiltering - Copying 0 resource from src\main\resources to target\classes
2024-09-09 19:48:29,006 [Worker-32: Building] INFO  o.a.m.s.f.DefaultMavenResourcesFiltering - skip non existing resourceDirectory C:\Users\bolli\ACS560\HW2_REST_API\restaurant-sales\restaurant-sales\src\test\resources
2024-09-09 19:48:37,220 [Worker-32: Building] INFO  o.a.m.s.f.DefaultMavenResourcesFiltering - Copying 1 resource from src\main\resources to target\classes
2024-09-09 19:48:37,235 [Worker-32: Building] INFO  o.a.m.s.f.DefaultMavenResourcesFiltering - Copying 0 resource from src\main\resources to target\classes
2024-09-09 19:48:37,240 [Worker-32: Building] INFO  o.a.m.s.f.DefaultMavenResourcesFiltering - skip non existing resourceDirectory C:\Users\bolli\ACS560\HW2_REST_API\restaurant-sales\restaurant-sales\src\test\resources
2024-09-09 19:57:20,205 [Worker-31: Building] INFO  o.a.m.s.f.DefaultMavenResourcesFiltering - Copying 1 resource from src\main\resources to target\classes
2024-09-09 19:57:20,227 [Worker-31: Building] INFO  o.a.m.s.f.DefaultMavenResourcesFiltering - Copying 0 resource from src\main\resources to target\classes
2024-09-09 19:57:20,230 [Worker-31: Building] INFO  o.a.m.s.f.DefaultMavenResourcesFiltering - skip non existing resourceDirectory C:\Users\bolli\ACS560\HW2_REST_API\restaurant-sales\restaurant-sales\src\test\resources
2024-09-09 19:57:50,272 [Worker-31: Building] INFO  o.a.m.s.f.DefaultMavenResourcesFiltering - Copying 1 resource from src\main\resources to target\classes
2024-09-09 19:57:50,283 [Worker-31: Building] INFO  o.a.m.s.f.DefaultMavenResourcesFiltering - Copying 0 resource from src\main\resources to target\classes
2024-09-09 19:57:50,286 [Worker-31: Building] INFO  o.a.m.s.f.DefaultMavenResourcesFiltering - skip non existing resourceDirectory C:\Users\bolli\ACS560\HW2_REST_API\restaurant-sales\restaurant-sales\src\test\resources
2024-09-09 19:59:55,654 [Worker-30: Building] INFO  o.a.m.s.f.DefaultMavenResourcesFiltering - Copying 1 resource from src\main\resources to target\classes
2024-09-09 19:59:55,663 [Worker-30: Building] INFO  o.a.m.s.f.DefaultMavenResourcesFiltering - Copying 0 resource from src\main\resources to target\classes
2024-09-09 19:59:55,666 [Worker-30: Building] INFO  o.a.m.s.f.DefaultMavenResourcesFiltering - skip non existing resourceDirectory C:\Users\bolli\ACS560\HW2_REST_API\restaurant-sales\restaurant-sales\src\test\resources
2024-09-09 20:00:25,798 [Worker-30: Building] INFO  o.a.m.s.f.DefaultMavenResourcesFiltering - Copying 1 resource from src\main\resources to target\classes
2024-09-09 20:00:25,805 [Worker-30: Building] INFO  o.a.m.s.f.DefaultMavenResourcesFiltering - Copying 0 resource from src\main\resources to target\classes
2024-09-09 20:00:25,808 [Worker-30: Building] INFO  o.a.m.s.f.DefaultMavenResourcesFiltering - skip non existing resourceDirectory C:\Users\bolli\ACS560\HW2_REST_API\restaurant-sales\restaurant-sales\src\test\resources
2024-09-09 22:39:45,974 [Worker-33: Building] INFO  o.a.m.s.f.DefaultMavenResourcesFiltering - Copying 1 resource from src\main\resources to target\classes
2024-09-09 22:39:45,994 [Worker-33: Building] INFO  o.a.m.s.f.DefaultMavenResourcesFiltering - Copying 0 resource from src\main\resources to target\classes
2024-09-09 22:39:45,999 [Worker-33: Building] INFO  o.a.m.s.f.DefaultMavenResourcesFiltering - skip non existing resourceDirectory C:\Users\bolli\ACS560\HW2_REST_API\restaurant-sales\restaurant-sales\src\test\resources
2024-09-09 22:40:09,636 [Worker-32: Building] INFO  o.a.m.s.f.DefaultMavenResourcesFiltering - Copying 1 resource from src\main\resources to target\classes
2024-09-09 22:40:09,647 [Worker-32: Building] INFO  o.a.m.s.f.DefaultMavenResourcesFiltering - Copying 0 resource from src\main\resources to target\classes
2024-09-09 22:40:09,652 [Worker-32: Building] INFO  o.a.m.s.f.DefaultMavenResourcesFiltering - skip non existing resourceDirectory C:\Users\bolli\ACS560\HW2_REST_API\restaurant-sales\restaurant-sales\src\test\resources
2024-09-09 22:40:47,624 [Worker-30: Building] INFO  o.a.m.s.f.DefaultMavenResourcesFiltering - Copying 1 resource from src\main\resources to target\classes
2024-09-09 22:40:47,635 [Worker-30: Building] INFO  o.a.m.s.f.DefaultMavenResourcesFiltering - Copying 0 resource from src\main\resources to target\classes
2024-09-09 22:40:47,639 [Worker-30: Building] INFO  o.a.m.s.f.DefaultMavenResourcesFiltering - skip non existing resourceDirectory C:\Users\bolli\ACS560\HW2_REST_API\restaurant-sales\restaurant-sales\src\test\resources
2024-09-09 22:41:13,244 [Worker-30: Building] INFO  o.a.m.s.f.DefaultMavenResourcesFiltering - Copying 1 resource from src\main\resources to target\classes
2024-09-09 22:41:13,257 [Worker-30: Building] INFO  o.a.m.s.f.DefaultMavenResourcesFiltering - Copying 0 resource from src\main\resources to target\classes
2024-09-09 22:41:13,263 [Worker-30: Building] INFO  o.a.m.s.f.DefaultMavenResourcesFiltering - skip non existing resourceDirectory C:\Users\bolli\ACS560\HW2_REST_API\restaurant-sales\restaurant-sales\src\test\resources
2024-09-09 23:06:58,043 [Worker-32: Building] INFO  o.a.m.s.f.DefaultMavenResourcesFiltering - Copying 1 resource from src\main\resources to target\classes
2024-09-09 23:06:58,072 [Worker-32: Building] INFO  o.a.m.s.f.DefaultMavenResourcesFiltering - Copying 0 resource from src\main\resources to target\classes
2024-09-09 23:06:58,079 [Worker-32: Building] INFO  o.a.m.s.f.DefaultMavenResourcesFiltering - skip non existing resourceDirectory C:\Users\bolli\ACS560\HW2_REST_API\restaurant-sales\restaurant-sales\src\test\resources
2024-09-09 23:14:48,153 [Worker-37: Building] INFO  o.a.m.s.f.DefaultMavenResourcesFiltering - Copying 1 resource from src\main\resources to target\classes
2024-09-09 23:14:48,189 [Worker-37: Building] INFO  o.a.m.s.f.DefaultMavenResourcesFiltering - Copying 0 resource from src\main\resources to target\classes
2024-09-09 23:14:48,194 [Worker-37: Building] INFO  o.a.m.s.f.DefaultMavenResourcesFiltering - skip non existing resourceDirectory C:\Users\bolli\ACS560\HW2_REST_API\restaurant-sales\restaurant-sales\src\test\resources
2024-09-09 23:16:11,158 [Worker-32: Building] INFO  o.a.m.s.f.DefaultMavenResourcesFiltering - Copying 1 resource from src\main\resources to target\classes
2024-09-09 23:16:11,176 [Worker-32: Building] INFO  o.a.m.s.f.DefaultMavenResourcesFiltering - Copying 0 resource from src\main\resources to target\classes
2024-09-09 23:16:11,182 [Worker-32: Building] INFO  o.a.m.s.f.DefaultMavenResourcesFiltering - skip non existing resourceDirectory C:\Users\bolli\ACS560\HW2_REST_API\restaurant-sales\restaurant-sales\src\test\resources
2024-09-09 23:16:28,806 [Worker-36: Building] INFO  o.a.m.s.f.DefaultMavenResourcesFiltering - Copying 1 resource from src\main\resources to target\classes
2024-09-09 23:16:28,821 [Worker-36: Building] INFO  o.a.m.s.f.DefaultMavenResourcesFiltering - Copying 0 resource from src\main\resources to target\classes
2024-09-09 23:16:28,824 [Worker-36: Building] INFO  o.a.m.s.f.DefaultMavenResourcesFiltering - skip non existing resourceDirectory C:\Users\bolli\ACS560\HW2_REST_API\restaurant-sales\restaurant-sales\src\test\resources
2024-09-09 23:16:48,480 [Worker-38: Building] INFO  o.a.m.s.f.DefaultMavenResourcesFiltering - Copying 1 resource from src\main\resources to target\classes
2024-09-09 23:16:48,487 [Worker-38: Building] INFO  o.a.m.s.f.DefaultMavenResourcesFiltering - Copying 0 resource from src\main\resources to target\classes
2024-09-09 23:16:48,491 [Worker-38: Building] INFO  o.a.m.s.f.DefaultMavenResourcesFiltering - skip non existing resourceDirectory C:\Users\bolli\ACS560\HW2_REST_API\restaurant-sales\restaurant-sales\src\test\resources
2024-09-09 23:17:04,271 [Worker-38: Building] INFO  o.a.m.s.f.DefaultMavenResourcesFiltering - Copying 1 resource from src\main\resources to target\classes
2024-09-09 23:17:04,281 [Worker-38: Building] INFO  o.a.m.s.f.DefaultMavenResourcesFiltering - Copying 0 resource from src\main\resources to target\classes
2024-09-09 23:17:04,286 [Worker-38: Building] INFO  o.a.m.s.f.DefaultMavenResourcesFiltering - skip non existing resourceDirectory C:\Users\bolli\ACS560\HW2_REST_API\restaurant-sales\restaurant-sales\src\test\resources
2024-09-09 23:17:14,223 [Worker-37: Building] INFO  o.a.m.s.f.DefaultMavenResourcesFiltering - Copying 1 resource from src\main\resources to target\classes
2024-09-09 23:17:14,241 [Worker-37: Building] INFO  o.a.m.s.f.DefaultMavenResourcesFiltering - Copying 0 resource from src\main\resources to target\classes
2024-09-09 23:17:14,244 [Worker-37: Building] INFO  o.a.m.s.f.DefaultMavenResourcesFiltering - skip non existing resourceDirectory C:\Users\bolli\ACS560\HW2_REST_API\restaurant-sales\restaurant-sales\src\test\resources
2024-09-09 23:18:09,428 [Worker-32: Building] INFO  o.a.m.s.f.DefaultMavenResourcesFiltering - Copying 1 resource from src\main\resources to target\classes
2024-09-09 23:18:09,437 [Worker-32: Building] INFO  o.a.m.s.f.DefaultMavenResourcesFiltering - Copying 0 resource from src\main\resources to target\classes
2024-09-09 23:18:09,439 [Worker-32: Building] INFO  o.a.m.s.f.DefaultMavenResourcesFiltering - skip non existing resourceDirectory C:\Users\bolli\ACS560\HW2_REST_API\restaurant-sales\restaurant-sales\src\test\resources
2024-09-09 23:18:13,268 [Worker-32: Building] INFO  o.a.m.s.f.DefaultMavenResourcesFiltering - Copying 1 resource from src\main\resources to target\classes
2024-09-09 23:18:13,275 [Worker-32: Building] INFO  o.a.m.s.f.DefaultMavenResourcesFiltering - Copying 0 resource from src\main\resources to target\classes
2024-09-09 23:18:13,278 [Worker-32: Building] INFO  o.a.m.s.f.DefaultMavenResourcesFiltering - skip non existing resourceDirectory C:\Users\bolli\ACS560\HW2_REST_API\restaurant-sales\restaurant-sales\src\test\resources
2024-09-09 23:18:22,399 [Worker-37: Building] INFO  o.a.m.s.f.DefaultMavenResourcesFiltering - Copying 1 resource from src\main\resources to target\classes
2024-09-09 23:18:22,406 [Worker-37: Building] INFO  o.a.m.s.f.DefaultMavenResourcesFiltering - Copying 0 resource from src\main\resources to target\classes
2024-09-09 23:18:22,409 [Worker-37: Building] INFO  o.a.m.s.f.DefaultMavenResourcesFiltering - skip non existing resourceDirectory C:\Users\bolli\ACS560\HW2_REST_API\restaurant-sales\restaurant-sales\src\test\resources
2024-09-09 23:18:49,441 [Worker-35: Building] INFO  o.a.m.s.f.DefaultMavenResourcesFiltering - Copying 1 resource from src\main\resources to target\classes
2024-09-09 23:18:49,449 [Worker-35: Building] INFO  o.a.m.s.f.DefaultMavenResourcesFiltering - Copying 0 resource from src\main\resources to target\classes
2024-09-09 23:18:49,452 [Worker-35: Building] INFO  o.a.m.s.f.DefaultMavenResourcesFiltering - skip non existing resourceDirectory C:\Users\bolli\ACS560\HW2_REST_API\restaurant-sales\restaurant-sales\src\test\resources
2024-09-09 23:19:21,923 [Worker-37: Building] INFO  o.a.m.s.f.DefaultMavenResourcesFiltering - Copying 1 resource from src\main\resources to target\classes
2024-09-09 23:19:21,930 [Worker-37: Building] INFO  o.a.m.s.f.DefaultMavenResourcesFiltering - Copying 0 resource from src\main\resources to target\classes
2024-09-09 23:19:21,933 [Worker-37: Building] INFO  o.a.m.s.f.DefaultMavenResourcesFiltering - skip non existing resourceDirectory C:\Users\bolli\ACS560\HW2_REST_API\restaurant-sales\restaurant-sales\src\test\resources
2024-09-09 23:19:49,021 [Worker-32: Building] INFO  o.a.m.s.f.DefaultMavenResourcesFiltering - Copying 1 resource from src\main\resources to target\classes
2024-09-09 23:19:49,030 [Worker-32: Building] INFO  o.a.m.s.f.DefaultMavenResourcesFiltering - Copying 0 resource from src\main\resources to target\classes
2024-09-09 23:19:49,034 [Worker-32: Building] INFO  o.a.m.s.f.DefaultMavenResourcesFiltering - skip non existing resourceDirectory C:\Users\bolli\ACS560\HW2_REST_API\restaurant-sales\restaurant-sales\src\test\resources
2024-09-09 23:23:25,982 [Worker-38: Building] INFO  o.a.m.s.f.DefaultMavenResourcesFiltering - Copying 1 resource from src\main\resources to target\classes
2024-09-09 23:23:25,990 [Worker-38: Building] INFO  o.a.m.s.f.DefaultMavenResourcesFiltering - Copying 0 resource from src\main\resources to target\classes
2024-09-09 23:23:25,993 [Worker-38: Building] INFO  o.a.m.s.f.DefaultMavenResourcesFiltering - skip non existing resourceDirectory C:\Users\bolli\ACS560\HW2_REST_API\restaurant-sales\restaurant-sales\src\test\resources
2024-09-09 23:23:56,359 [Worker-36: Building] INFO  o.a.m.s.f.DefaultMavenResourcesFiltering - Copying 1 resource from src\main\resources to target\classes
2024-09-09 23:23:56,367 [Worker-36: Building] INFO  o.a.m.s.f.DefaultMavenResourcesFiltering - Copying 0 resource from src\main\resources to target\classes
2024-09-09 23:23:56,370 [Worker-36: Building] INFO  o.a.m.s.f.DefaultMavenResourcesFiltering - skip non existing resourceDirectory C:\Users\bolli\ACS560\HW2_REST_API\restaurant-sales\restaurant-sales\src\test\resources
2024-09-09 23:24:14,346 [Worker-36: Building] INFO  o.a.m.s.f.DefaultMavenResourcesFiltering - Copying 1 resource from src\main\resources to target\classes
2024-09-09 23:24:14,355 [Worker-36: Building] INFO  o.a.m.s.f.DefaultMavenResourcesFiltering - Copying 0 resource from src\main\resources to target\classes
2024-09-09 23:24:14,358 [Worker-36: Building] INFO  o.a.m.s.f.DefaultMavenResourcesFiltering - skip non existing resourceDirectory C:\Users\bolli\ACS560\HW2_REST_API\restaurant-sales\restaurant-sales\src\test\resources
2024-09-09 23:24:54,227 [Worker-35: Building] INFO  o.a.m.s.f.DefaultMavenResourcesFiltering - Copying 1 resource from src\main\resources to target\classes
2024-09-09 23:24:54,236 [Worker-35: Building] INFO  o.a.m.s.f.DefaultMavenResourcesFiltering - Copying 0 resource from src\main\resources to target\classes
2024-09-09 23:24:54,239 [Worker-35: Building] INFO  o.a.m.s.f.DefaultMavenResourcesFiltering - skip non existing resourceDirectory C:\Users\bolli\ACS560\HW2_REST_API\restaurant-sales\restaurant-sales\src\test\resources
2024-09-09 23:25:57,446 [Worker-36: Building] INFO  o.a.m.s.f.DefaultMavenResourcesFiltering - Copying 1 resource from src\main\resources to target\classes
2024-09-09 23:25:57,455 [Worker-36: Building] INFO  o.a.m.s.f.DefaultMavenResourcesFiltering - Copying 0 resource from src\main\resources to target\classes
2024-09-09 23:25:57,458 [Worker-36: Building] INFO  o.a.m.s.f.DefaultMavenResourcesFiltering - skip non existing resourceDirectory C:\Users\bolli\ACS560\HW2_REST_API\restaurant-sales\restaurant-sales\src\test\resources
2024-09-09 23:26:18,985 [main] INFO  o.e.m2e.actions.ExecutePomAction - Creating new launch configuration
2024-09-09 23:29:38,255 [Worker-39: Building] INFO  o.e.m.c.i.l.LifecycleMappingFactory - Using org.eclipse.m2e.jdt.JarLifecycleMapping lifecycle mapping for MavenProject: com.acs560.restaurantsales:restaurant-sales:0.0.1-SNAPSHOT @ C:\Users\bolli\ACS560\HW2_REST_API\restaurant-sales\restaurant-sales\pom.xml.
2024-09-09 23:29:39,483 [Worker-39: Building] INFO  o.e.m.c.i.e.AbstractTransferListenerAdapter - Downloading https://repo.maven.apache.org/maven2/com/opencsv/opencsv/5.5.2/opencsv-5.5.2.pom
2024-09-09 23:29:39,615 [Worker-39: Building] INFO  o.e.m.c.i.e.AbstractTransferListenerAdapter - Downloaded https://repo.maven.apache.org/maven2/com/opencsv/opencsv/5.5.2/opencsv-5.5.2.pom
2024-09-09 23:29:39,699 [Worker-39: Building] INFO  o.e.m.c.i.e.AbstractTransferListenerAdapter - Downloading https://repo.maven.apache.org/maven2/org/apache/commons/commons-text/1.9/commons-text-1.9.pom
2024-09-09 23:29:39,759 [Worker-39: Building] INFO  o.e.m.c.i.e.AbstractTransferListenerAdapter - Downloaded https://repo.maven.apache.org/maven2/org/apache/commons/commons-text/1.9/commons-text-1.9.pom
2024-09-09 23:29:39,818 [Worker-39: Building] INFO  o.e.m.c.i.e.AbstractTransferListenerAdapter - Downloading https://repo.maven.apache.org/maven2/org/apache/commons/commons-parent/51/commons-parent-51.pom
2024-09-09 23:29:39,893 [Worker-39: Building] INFO  o.e.m.c.i.e.AbstractTransferListenerAdapter - Downloaded https://repo.maven.apache.org/maven2/org/apache/commons/commons-parent/51/commons-parent-51.pom
2024-09-09 23:29:39,941 [Worker-39: Building] INFO  o.e.m.c.i.e.AbstractTransferListenerAdapter - Downloading https://repo.maven.apache.org/maven2/commons-beanutils/commons-beanutils/1.9.4/commons-beanutils-1.9.4.pom
2024-09-09 23:29:39,981 [Worker-39: Building] INFO  o.e.m.c.i.e.AbstractTransferListenerAdapter - Downloaded https://repo.maven.apache.org/maven2/commons-beanutils/commons-beanutils/1.9.4/commons-beanutils-1.9.4.pom
2024-09-09 23:29:40,045 [Worker-39: Building] INFO  o.e.m.c.i.e.AbstractTransferListenerAdapter - Downloading https://repo.maven.apache.org/maven2/commons-logging/commons-logging/1.2/commons-logging-1.2.pom
2024-09-09 23:29:40,099 [Worker-39: Building] INFO  o.e.m.c.i.e.AbstractTransferListenerAdapter - Downloaded https://repo.maven.apache.org/maven2/commons-logging/commons-logging/1.2/commons-logging-1.2.pom
2024-09-09 23:29:40,163 [Worker-39: Building] INFO  o.e.m.c.i.e.AbstractTransferListenerAdapter - Downloading https://repo.maven.apache.org/maven2/org/apache/commons/commons-parent/34/commons-parent-34.pom
2024-09-09 23:29:40,238 [Worker-39: Building] INFO  o.e.m.c.i.e.AbstractTransferListenerAdapter - Downloaded https://repo.maven.apache.org/maven2/org/apache/commons/commons-parent/34/commons-parent-34.pom
2024-09-09 23:29:40,299 [Worker-39: Building] INFO  o.e.m.c.i.e.AbstractTransferListenerAdapter - Downloading https://repo.maven.apache.org/maven2/org/apache/commons/commons-collections4/4.4/commons-collections4-4.4.pom
2024-09-09 23:29:40,339 [Worker-39: Building] INFO  o.e.m.c.i.e.AbstractTransferListenerAdapter - Downloaded https://repo.maven.apache.org/maven2/org/apache/commons/commons-collections4/4.4/commons-collections4-4.4.pom
2024-09-09 23:29:40,804 [Worker-39: Building] INFO  o.e.m.c.i.e.AbstractTransferListenerAdapter - Downloading https://repo.maven.apache.org/maven2/com/opencsv/opencsv/5.5.2/opencsv-5.5.2.jar
2024-09-09 23:29:40,866 [Worker-39: Building] INFO  o.e.m.c.i.e.AbstractTransferListenerAdapter - Downloaded https://repo.maven.apache.org/maven2/com/opencsv/opencsv/5.5.2/opencsv-5.5.2.jar
2024-09-09 23:29:40,903 [BasicRepositoryConnector-repo.maven.apache.org-0-0] INFO  o.e.m.c.i.e.AbstractTransferListenerAdapter - Downloading https://repo.maven.apache.org/maven2/org/apache/commons/commons-text/1.9/commons-text-1.9.jar
2024-09-09 23:29:40,943 [BasicRepositoryConnector-repo.maven.apache.org-0-0] INFO  o.e.m.c.i.e.AbstractTransferListenerAdapter - Downloaded https://repo.maven.apache.org/maven2/org/apache/commons/commons-text/1.9/commons-text-1.9.jar
2024-09-09 23:29:40,943 [BasicRepositoryConnector-repo.maven.apache.org-0-1] INFO  o.e.m.c.i.e.AbstractTransferListenerAdapter - Downloading https://repo.maven.apache.org/maven2/commons-beanutils/commons-beanutils/1.9.4/commons-beanutils-1.9.4.jar
2024-09-09 23:29:40,948 [BasicRepositoryConnector-repo.maven.apache.org-0-3] INFO  o.e.m.c.i.e.AbstractTransferListenerAdapter - Downloading https://repo.maven.apache.org/maven2/org/apache/commons/commons-collections4/4.4/commons-collections4-4.4.jar
2024-09-09 23:29:40,949 [BasicRepositoryConnector-repo.maven.apache.org-0-2] INFO  o.e.m.c.i.e.AbstractTransferListenerAdapter - Downloading https://repo.maven.apache.org/maven2/commons-logging/commons-logging/1.2/commons-logging-1.2.jar
2024-09-09 23:29:40,988 [BasicRepositoryConnector-repo.maven.apache.org-0-2] INFO  o.e.m.c.i.e.AbstractTransferListenerAdapter - Downloaded https://repo.maven.apache.org/maven2/commons-logging/commons-logging/1.2/commons-logging-1.2.jar
2024-09-09 23:29:41,038 [BasicRepositoryConnector-repo.maven.apache.org-0-1] INFO  o.e.m.c.i.e.AbstractTransferListenerAdapter - Downloaded https://repo.maven.apache.org/maven2/commons-beanutils/commons-beanutils/1.9.4/commons-beanutils-1.9.4.jar
2024-09-09 23:29:41,067 [BasicRepositoryConnector-repo.maven.apache.org-0-3] INFO  o.e.m.c.i.e.AbstractTransferListenerAdapter - Downloaded https://repo.maven.apache.org/maven2/org/apache/commons/commons-collections4/4.4/commons-collections4-4.4.jar
2024-09-09 23:29:42,042 [Worker-39: Building] INFO  o.a.m.s.f.DefaultMavenResourcesFiltering - Copying 0 resource from src\main\resources to target\classes
2024-09-09 23:29:42,044 [Worker-39: Building] INFO  o.a.m.s.f.DefaultMavenResourcesFiltering - Copying 0 resource from src\main\resources to target\classes
2024-09-09 23:29:42,051 [Worker-39: Building] INFO  o.a.m.s.f.DefaultMavenResourcesFiltering - skip non existing resourceDirectory C:\Users\bolli\ACS560\HW2_REST_API\restaurant-sales\restaurant-sales\src\test\resources
2024-09-09 23:29:42,816 [Worker-35: Download sources and javadoc] INFO  o.e.m.c.i.e.AbstractTransferListenerAdapter - Downloading https://repo.maven.apache.org/maven2/com/opencsv/opencsv/5.5.2/opencsv-5.5.2-sources.jar
2024-09-09 23:29:42,921 [Worker-35: Download sources and javadoc] INFO  o.e.m.c.i.e.AbstractTransferListenerAdapter - Downloaded https://repo.maven.apache.org/maven2/com/opencsv/opencsv/5.5.2/opencsv-5.5.2-sources.jar
2024-09-09 23:29:42,932 [Worker-35: Download sources and javadoc] INFO  o.e.m.j.internal.DownloadSourcesJob - Downloaded sources for com.opencsv:opencsv:5.5.2
2024-09-09 23:29:42,996 [Worker-35: Download sources and javadoc] INFO  o.e.m.c.i.e.AbstractTransferListenerAdapter - Downloading https://repo.maven.apache.org/maven2/org/apache/commons/commons-lang3/3.14.0/commons-lang3-3.14.0-sources.jar
2024-09-09 23:29:43,124 [Worker-35: Download sources and javadoc] INFO  o.e.m.c.i.e.AbstractTransferListenerAdapter - Downloaded https://repo.maven.apache.org/maven2/org/apache/commons/commons-lang3/3.14.0/commons-lang3-3.14.0-sources.jar
2024-09-09 23:29:43,132 [Worker-35: Download sources and javadoc] INFO  o.e.m.j.internal.DownloadSourcesJob - Downloaded sources for org.apache.commons:commons-lang3:3.14.0
2024-09-09 23:29:43,199 [Worker-35: Download sources and javadoc] INFO  o.e.m.c.i.e.AbstractTransferListenerAdapter - Downloading https://repo.maven.apache.org/maven2/org/apache/commons/commons-text/1.9/commons-text-1.9-sources.jar
2024-09-09 23:29:43,336 [Worker-35: Download sources and javadoc] INFO  o.e.m.c.i.e.AbstractTransferListenerAdapter - Downloaded https://repo.maven.apache.org/maven2/org/apache/commons/commons-text/1.9/commons-text-1.9-sources.jar
2024-09-09 23:29:43,344 [Worker-35: Download sources and javadoc] INFO  o.e.m.j.internal.DownloadSourcesJob - Downloaded sources for org.apache.commons:commons-text:1.9
2024-09-09 23:29:43,391 [Worker-38: Building] INFO  o.a.m.s.f.DefaultMavenResourcesFiltering - Copying 1 resource from src\main\resources to target\classes
2024-09-09 23:29:43,406 [Worker-35: Download sources and javadoc] INFO  o.e.m.c.i.e.AbstractTransferListenerAdapter - Downloading https://repo.maven.apache.org/maven2/commons-beanutils/commons-beanutils/1.9.4/commons-beanutils-1.9.4-sources.jar
2024-09-09 23:29:43,419 [Worker-38: Building] INFO  o.a.m.s.f.DefaultMavenResourcesFiltering - Copying 0 resource from src\main\resources to target\classes
2024-09-09 23:29:43,423 [Worker-38: Building] INFO  o.a.m.s.f.DefaultMavenResourcesFiltering - skip non existing resourceDirectory C:\Users\bolli\ACS560\HW2_REST_API\restaurant-sales\restaurant-sales\src\test\resources
2024-09-09 23:29:43,504 [Worker-35: Download sources and javadoc] INFO  o.e.m.c.i.e.AbstractTransferListenerAdapter - Downloaded https://repo.maven.apache.org/maven2/commons-beanutils/commons-beanutils/1.9.4/commons-beanutils-1.9.4-sources.jar
2024-09-09 23:29:43,509 [Worker-35: Download sources and javadoc] INFO  o.e.m.j.internal.DownloadSourcesJob - Downloaded sources for commons-beanutils:commons-beanutils:1.9.4
2024-09-09 23:29:43,569 [Worker-35: Download sources and javadoc] INFO  o.e.m.c.i.e.AbstractTransferListenerAdapter - Downloading https://repo.maven.apache.org/maven2/commons-logging/commons-logging/1.2/commons-logging-1.2-sources.jar
2024-09-09 23:29:43,611 [Worker-35: Download sources and javadoc] INFO  o.e.m.c.i.e.AbstractTransferListenerAdapter - Downloaded https://repo.maven.apache.org/maven2/commons-logging/commons-logging/1.2/commons-logging-1.2-sources.jar
2024-09-09 23:29:43,616 [Worker-35: Download sources and javadoc] INFO  o.e.m.j.internal.DownloadSourcesJob - Downloaded sources for commons-logging:commons-logging:1.2
2024-09-09 23:29:43,676 [Worker-35: Download sources and javadoc] INFO  o.e.m.c.i.e.AbstractTransferListenerAdapter - Downloading https://repo.maven.apache.org/maven2/commons-collections/commons-collections/3.2.2/commons-collections-3.2.2-sources.jar
2024-09-09 23:29:43,834 [Worker-35: Download sources and javadoc] INFO  o.e.m.c.i.e.AbstractTransferListenerAdapter - Downloaded https://repo.maven.apache.org/maven2/commons-collections/commons-collections/3.2.2/commons-collections-3.2.2-sources.jar
2024-09-09 23:29:43,840 [Worker-35: Download sources and javadoc] INFO  o.e.m.j.internal.DownloadSourcesJob - Downloaded sources for commons-collections:commons-collections:3.2.2
2024-09-09 23:29:43,903 [Worker-35: Download sources and javadoc] INFO  o.e.m.c.i.e.AbstractTransferListenerAdapter - Downloading https://repo.maven.apache.org/maven2/org/apache/commons/commons-collections4/4.4/commons-collections4-4.4-sources.jar
2024-09-09 23:29:44,011 [Worker-35: Download sources and javadoc] INFO  o.e.m.c.i.e.AbstractTransferListenerAdapter - Downloaded https://repo.maven.apache.org/maven2/org/apache/commons/commons-collections4/4.4/commons-collections4-4.4-sources.jar
2024-09-09 23:29:44,018 [Worker-35: Download sources and javadoc] INFO  o.e.m.j.internal.DownloadSourcesJob - Downloaded sources for org.apache.commons:commons-collections4:4.4
2024-09-09 23:30:01,401 [main] INFO  o.e.m2e.actions.ExecutePomAction - Creating new launch configuration
2024-09-09 23:30:04,887 [Worker-35: Launching restaurant-sales (1)] INFO  o.eclipse.m2e.core.internal.Bundles - getClasspathEntries(Bundle=org.eclipse.m2e.maven.runtime_3.9.700.20240602-2313 [299])
2024-09-09 23:30:04,891 [Worker-35: Launching restaurant-sales (1)] INFO  o.eclipse.m2e.core.internal.Bundles - 	Entry: C:\Users\bolli\.p2\pool\plugins\org.eclipse.m2e.maven.runtime_3.9.700.20240602-2313
2024-09-09 23:30:04,892 [Worker-35: Launching restaurant-sales (1)] INFO  o.eclipse.m2e.core.internal.Bundles - 	Entry: C:\Users\bolli\.p2\pool\plugins\org.eclipse.m2e.maven.runtime_3.9.700.20240602-2313\jars\aopalliance-1.0.jar
2024-09-09 23:30:04,893 [Worker-35: Launching restaurant-sales (1)] INFO  o.eclipse.m2e.core.internal.Bundles - 	Entry: C:\Users\bolli\.p2\pool\plugins\org.eclipse.m2e.maven.runtime_3.9.700.20240602-2313\jars\guice-5.1.0.jar
2024-09-09 23:30:04,893 [Worker-35: Launching restaurant-sales (1)] INFO  o.eclipse.m2e.core.internal.Bundles - 	Entry: C:\Users\bolli\.p2\pool\plugins\org.eclipse.m2e.maven.runtime_3.9.700.20240602-2313\jars\httpclient-4.5.14.jar
2024-09-09 23:30:04,893 [Worker-35: Launching restaurant-sales (1)] INFO  o.eclipse.m2e.core.internal.Bundles - 	Entry: C:\Users\bolli\.p2\pool\plugins\org.eclipse.m2e.maven.runtime_3.9.700.20240602-2313\jars\httpcore-4.4.16.jar
2024-09-09 23:30:04,894 [Worker-35: Launching restaurant-sales (1)] INFO  o.eclipse.m2e.core.internal.Bundles - 	Entry: C:\Users\bolli\.p2\pool\plugins\org.eclipse.m2e.maven.runtime_3.9.700.20240602-2313\jars\jansi-2.4.1.jar
2024-09-09 23:30:04,894 [Worker-35: Launching restaurant-sales (1)] INFO  o.eclipse.m2e.core.internal.Bundles - 	Entry: C:\Users\bolli\.p2\pool\plugins\org.eclipse.m2e.maven.runtime_3.9.700.20240602-2313\jars\jcl-over-slf4j-1.7.36.jar
2024-09-09 23:30:04,894 [Worker-35: Launching restaurant-sales (1)] INFO  o.eclipse.m2e.core.internal.Bundles - 	Entry: C:\Users\bolli\.p2\pool\plugins\org.eclipse.m2e.maven.runtime_3.9.700.20240602-2313\jars\maven-artifact-3.9.7.jar
2024-09-09 23:30:04,894 [Worker-35: Launching restaurant-sales (1)] INFO  o.eclipse.m2e.core.internal.Bundles - 	Entry: C:\Users\bolli\.p2\pool\plugins\org.eclipse.m2e.maven.runtime_3.9.700.20240602-2313\jars\maven-builder-support-3.9.7.jar
2024-09-09 23:30:04,894 [Worker-35: Launching restaurant-sales (1)] INFO  o.eclipse.m2e.core.internal.Bundles - 	Entry: C:\Users\bolli\.p2\pool\plugins\org.eclipse.m2e.maven.runtime_3.9.700.20240602-2313\jars\maven-compat-3.9.7.jar
2024-09-09 23:30:04,895 [Worker-35: Launching restaurant-sales (1)] INFO  o.eclipse.m2e.core.internal.Bundles - 	Entry: C:\Users\bolli\.p2\pool\plugins\org.eclipse.m2e.maven.runtime_3.9.700.20240602-2313\jars\maven-core-3.9.7.jar
2024-09-09 23:30:04,895 [Worker-35: Launching restaurant-sales (1)] INFO  o.eclipse.m2e.core.internal.Bundles - 	Entry: C:\Users\bolli\.p2\pool\plugins\org.eclipse.m2e.maven.runtime_3.9.700.20240602-2313\jars\maven-embedder-3.9.7.jar
2024-09-09 23:30:04,895 [Worker-35: Launching restaurant-sales (1)] INFO  o.eclipse.m2e.core.internal.Bundles - 	Entry: C:\Users\bolli\.p2\pool\plugins\org.eclipse.m2e.maven.runtime_3.9.700.20240602-2313\jars\maven-model-3.9.7.jar
2024-09-09 23:30:04,895 [Worker-35: Launching restaurant-sales (1)] INFO  o.eclipse.m2e.core.internal.Bundles - 	Entry: C:\Users\bolli\.p2\pool\plugins\org.eclipse.m2e.maven.runtime_3.9.700.20240602-2313\jars\maven-model-builder-3.9.7.jar
2024-09-09 23:30:04,895 [Worker-35: Launching restaurant-sales (1)] INFO  o.eclipse.m2e.core.internal.Bundles - 	Entry: C:\Users\bolli\.p2\pool\plugins\org.eclipse.m2e.maven.runtime_3.9.700.20240602-2313\jars\maven-plugin-api-3.9.7.jar
2024-09-09 23:30:04,896 [Worker-35: Launching restaurant-sales (1)] INFO  o.eclipse.m2e.core.internal.Bundles - 	Entry: C:\Users\bolli\.p2\pool\plugins\org.eclipse.m2e.maven.runtime_3.9.700.20240602-2313\jars\maven-repository-metadata-3.9.7.jar
2024-09-09 23:30:04,896 [Worker-35: Launching restaurant-sales (1)] INFO  o.eclipse.m2e.core.internal.Bundles - 	Entry: C:\Users\bolli\.p2\pool\plugins\org.eclipse.m2e.maven.runtime_3.9.700.20240602-2313\jars\maven-resolver-api-1.9.20.jar
2024-09-09 23:30:04,896 [Worker-35: Launching restaurant-sales (1)] INFO  o.eclipse.m2e.core.internal.Bundles - 	Entry: C:\Users\bolli\.p2\pool\plugins\org.eclipse.m2e.maven.runtime_3.9.700.20240602-2313\jars\maven-resolver-connector-basic-1.9.20.jar
2024-09-09 23:30:04,896 [Worker-35: Launching restaurant-sales (1)] INFO  o.eclipse.m2e.core.internal.Bundles - 	Entry: C:\Users\bolli\.p2\pool\plugins\org.eclipse.m2e.maven.runtime_3.9.700.20240602-2313\jars\maven-resolver-impl-1.9.20.jar
2024-09-09 23:30:04,897 [Worker-35: Launching restaurant-sales (1)] INFO  o.eclipse.m2e.core.internal.Bundles - 	Entry: C:\Users\bolli\.p2\pool\plugins\org.eclipse.m2e.maven.runtime_3.9.700.20240602-2313\jars\maven-resolver-named-locks-1.9.20.jar
2024-09-09 23:30:04,897 [Worker-35: Launching restaurant-sales (1)] INFO  o.eclipse.m2e.core.internal.Bundles - 	Entry: C:\Users\bolli\.p2\pool\plugins\org.eclipse.m2e.maven.runtime_3.9.700.20240602-2313\jars\maven-resolver-provider-3.9.7.jar
2024-09-09 23:30:04,897 [Worker-35: Launching restaurant-sales (1)] INFO  o.eclipse.m2e.core.internal.Bundles - 	Entry: C:\Users\bolli\.p2\pool\plugins\org.eclipse.m2e.maven.runtime_3.9.700.20240602-2313\jars\maven-resolver-spi-1.9.20.jar
2024-09-09 23:30:04,897 [Worker-35: Launching restaurant-sales (1)] INFO  o.eclipse.m2e.core.internal.Bundles - 	Entry: C:\Users\bolli\.p2\pool\plugins\org.eclipse.m2e.maven.runtime_3.9.700.20240602-2313\jars\maven-resolver-transport-file-1.9.20.jar
2024-09-09 23:30:04,897 [Worker-35: Launching restaurant-sales (1)] INFO  o.eclipse.m2e.core.internal.Bundles - 	Entry: C:\Users\bolli\.p2\pool\plugins\org.eclipse.m2e.maven.runtime_3.9.700.20240602-2313\jars\maven-resolver-transport-http-1.9.20.jar
2024-09-09 23:30:04,897 [Worker-35: Launching restaurant-sales (1)] INFO  o.eclipse.m2e.core.internal.Bundles - 	Entry: C:\Users\bolli\.p2\pool\plugins\org.eclipse.m2e.maven.runtime_3.9.700.20240602-2313\jars\maven-resolver-transport-wagon-1.9.20.jar
2024-09-09 23:30:04,898 [Worker-35: Launching restaurant-sales (1)] INFO  o.eclipse.m2e.core.internal.Bundles - 	Entry: C:\Users\bolli\.p2\pool\plugins\org.eclipse.m2e.maven.runtime_3.9.700.20240602-2313\jars\maven-resolver-util-1.9.20.jar
2024-09-09 23:30:04,898 [Worker-35: Launching restaurant-sales (1)] INFO  o.eclipse.m2e.core.internal.Bundles - 	Entry: C:\Users\bolli\.p2\pool\plugins\org.eclipse.m2e.maven.runtime_3.9.700.20240602-2313\jars\maven-settings-3.9.7.jar
2024-09-09 23:30:04,898 [Worker-35: Launching restaurant-sales (1)] INFO  o.eclipse.m2e.core.internal.Bundles - 	Entry: C:\Users\bolli\.p2\pool\plugins\org.eclipse.m2e.maven.runtime_3.9.700.20240602-2313\jars\maven-settings-builder-3.9.7.jar
2024-09-09 23:30:04,898 [Worker-35: Launching restaurant-sales (1)] INFO  o.eclipse.m2e.core.internal.Bundles - 	Entry: C:\Users\bolli\.p2\pool\plugins\org.eclipse.m2e.maven.runtime_3.9.700.20240602-2313\jars\maven-shared-utils-3.4.2.jar
2024-09-09 23:30:04,898 [Worker-35: Launching restaurant-sales (1)] INFO  o.eclipse.m2e.core.internal.Bundles - 	Entry: C:\Users\bolli\.p2\pool\plugins\org.eclipse.m2e.maven.runtime_3.9.700.20240602-2313\jars\org.eclipse.sisu.inject-0.9.0.M2.jar
2024-09-09 23:30:04,899 [Worker-35: Launching restaurant-sales (1)] INFO  o.eclipse.m2e.core.internal.Bundles - 	Entry: C:\Users\bolli\.p2\pool\plugins\org.eclipse.m2e.maven.runtime_3.9.700.20240602-2313\jars\org.eclipse.sisu.plexus-0.9.0.M2.jar
2024-09-09 23:30:04,899 [Worker-35: Launching restaurant-sales (1)] INFO  o.eclipse.m2e.core.internal.Bundles - 	Entry: C:\Users\bolli\.p2\pool\plugins\org.eclipse.m2e.maven.runtime_3.9.700.20240602-2313\jars\plexus-build-api-0.0.7.jar
2024-09-09 23:30:04,899 [Worker-35: Launching restaurant-sales (1)] INFO  o.eclipse.m2e.core.internal.Bundles - 	Entry: C:\Users\bolli\.p2\pool\plugins\org.eclipse.m2e.maven.runtime_3.9.700.20240602-2313\jars\plexus-build-api-1.2.0.jar
2024-09-09 23:30:04,899 [Worker-35: Launching restaurant-sales (1)] INFO  o.eclipse.m2e.core.internal.Bundles - 	Entry: C:\Users\bolli\.p2\pool\plugins\org.eclipse.m2e.maven.runtime_3.9.700.20240602-2313\jars\plexus-cipher-2.0.jar
2024-09-09 23:30:04,899 [Worker-35: Launching restaurant-sales (1)] INFO  o.eclipse.m2e.core.internal.Bundles - 	Entry: C:\Users\bolli\.p2\pool\plugins\org.eclipse.m2e.maven.runtime_3.9.700.20240602-2313\jars\plexus-classworlds-2.8.0.jar
2024-09-09 23:30:04,899 [Worker-35: Launching restaurant-sales (1)] INFO  o.eclipse.m2e.core.internal.Bundles - 	Entry: C:\Users\bolli\.p2\pool\plugins\org.eclipse.m2e.maven.runtime_3.9.700.20240602-2313\jars\plexus-component-annotations-2.1.0.jar
2024-09-09 23:30:04,899 [Worker-35: Launching restaurant-sales (1)] INFO  o.eclipse.m2e.core.internal.Bundles - 	Entry: C:\Users\bolli\.p2\pool\plugins\org.eclipse.m2e.maven.runtime_3.9.700.20240602-2313\jars\plexus-interpolation-1.27.jar
2024-09-09 23:30:04,899 [Worker-35: Launching restaurant-sales (1)] INFO  o.eclipse.m2e.core.internal.Bundles - 	Entry: C:\Users\bolli\.p2\pool\plugins\org.eclipse.m2e.maven.runtime_3.9.700.20240602-2313\jars\plexus-sec-dispatcher-2.0.jar
2024-09-09 23:30:04,899 [Worker-35: Launching restaurant-sales (1)] INFO  o.eclipse.m2e.core.internal.Bundles - 	Entry: C:\Users\bolli\.p2\pool\plugins\org.eclipse.m2e.maven.runtime_3.9.700.20240602-2313\jars\plexus-utils-3.5.1.jar
2024-09-09 23:30:04,901 [Worker-35: Launching restaurant-sales (1)] INFO  o.eclipse.m2e.core.internal.Bundles - 	Entry: C:\Users\bolli\.p2\pool\plugins\org.eclipse.m2e.maven.runtime_3.9.700.20240602-2313\jars\wagon-file-3.5.3.jar
2024-09-09 23:30:04,901 [Worker-35: Launching restaurant-sales (1)] INFO  o.eclipse.m2e.core.internal.Bundles - 	Entry: C:\Users\bolli\.p2\pool\plugins\org.eclipse.m2e.maven.runtime_3.9.700.20240602-2313\jars\wagon-http-3.5.3.jar
2024-09-09 23:30:04,901 [Worker-35: Launching restaurant-sales (1)] INFO  o.eclipse.m2e.core.internal.Bundles - 	Entry: C:\Users\bolli\.p2\pool\plugins\org.eclipse.m2e.maven.runtime_3.9.700.20240602-2313\jars\wagon-http-shared-3.5.3.jar
2024-09-09 23:30:04,901 [Worker-35: Launching restaurant-sales (1)] INFO  o.eclipse.m2e.core.internal.Bundles - 	Entry: C:\Users\bolli\.p2\pool\plugins\org.eclipse.m2e.maven.runtime_3.9.700.20240602-2313\jars\wagon-provider-api-3.5.3.jar
2024-09-09 23:30:04,902 [Worker-35: Launching restaurant-sales (1)] INFO  o.eclipse.m2e.core.internal.Bundles - getClasspathEntries(Bundle=com.google.guava_33.2.0.jre [10])
2024-09-09 23:30:04,903 [Worker-35: Launching restaurant-sales (1)] INFO  o.eclipse.m2e.core.internal.Bundles - 	Entry: C:\Users\bolli\.p2\pool\plugins\com.google.guava_33.2.0.jre.jar
2024-09-09 23:30:04,903 [Worker-35: Launching restaurant-sales (1)] INFO  o.eclipse.m2e.core.internal.Bundles - getClasspathEntries(Bundle=slf4j.api_2.0.16 [520])
2024-09-09 23:30:04,903 [Worker-35: Launching restaurant-sales (1)] INFO  o.eclipse.m2e.core.internal.Bundles - 	Entry: C:\Users\bolli\.p2\pool\plugins\slf4j.api_2.0.16.jar
2024-09-09 23:30:04,903 [Worker-35: Launching restaurant-sales (1)] INFO  o.eclipse.m2e.core.internal.Bundles - getClasspathEntries(Bundle=jakarta.inject.jakarta.inject-api_1.0.5 [21])
2024-09-09 23:30:04,904 [Worker-35: Launching restaurant-sales (1)] INFO  o.eclipse.m2e.core.internal.Bundles - 	Entry: C:\Users\bolli\.p2\pool\plugins\jakarta.inject.jakarta.inject-api_1.0.5.jar
2024-09-09 23:30:04,904 [Worker-35: Launching restaurant-sales (1)] INFO  o.eclipse.m2e.core.internal.Bundles - getClasspathEntries(Bundle=javax.annotation_1.3.5.v20200909-1856 [24])
2024-09-09 23:30:04,904 [Worker-35: Launching restaurant-sales (1)] INFO  o.eclipse.m2e.core.internal.Bundles - 	Entry: C:\Users\bolli\.p2\pool\plugins\javax.annotation_1.3.5.v20200909-1856.jar
2024-09-09 23:30:04,904 [Worker-35: Launching restaurant-sales (1)] INFO  o.eclipse.m2e.core.internal.Bundles - getClasspathEntries(Bundle=org.apache.commons.cli_1.8.0 [47])
2024-09-09 23:30:04,904 [Worker-35: Launching restaurant-sales (1)] INFO  o.eclipse.m2e.core.internal.Bundles - 	Entry: C:\Users\bolli\.p2\pool\plugins\org.apache.commons.cli_1.8.0.jar
2024-09-09 23:30:04,905 [Worker-35: Launching restaurant-sales (1)] INFO  o.eclipse.m2e.core.internal.Bundles - getClasspathEntries(Bundle=org.apache.commons.commons-codec_1.16.0 [48])
2024-09-09 23:30:04,905 [Worker-35: Launching restaurant-sales (1)] INFO  o.eclipse.m2e.core.internal.Bundles - 	Entry: C:\Users\bolli\.p2\pool\plugins\org.apache.commons.commons-codec_1.16.0.jar
2024-09-09 23:30:04,905 [Worker-35: Launching restaurant-sales (1)] INFO  o.eclipse.m2e.core.internal.Bundles - getClasspathEntries(Bundle=org.apache.commons.lang3_3.14.0 [54])
2024-09-09 23:30:04,906 [Worker-35: Launching restaurant-sales (1)] INFO  o.eclipse.m2e.core.internal.Bundles - 	Entry: C:\Users\bolli\.p2\pool\plugins\org.apache.commons.lang3_3.14.0.jar
2024-09-09 23:30:04,906 [Worker-35: Launching restaurant-sales (1)] INFO  o.eclipse.m2e.core.internal.Bundles - getClasspathEntries(Bundle=com.google.guava.failureaccess_1.0.2 [11])
2024-09-09 23:30:04,907 [Worker-35: Launching restaurant-sales (1)] INFO  o.eclipse.m2e.core.internal.Bundles - 	Entry: C:\Users\bolli\.p2\pool\plugins\com.google.guava.failureaccess_1.0.2.jar
2024-09-09 23:30:04,911 [Worker-35: Launching restaurant-sales (1)] INFO  o.e.m.i.launch.MavenLaunchDelegate - Run build in "C:\Users\bolli\ACS560\HW2_REST_API\restaurant-sales\restaurant-sales":
2024-09-09 23:30:04,911 [Worker-35: Launching restaurant-sales (1)] INFO  o.e.m.i.launch.MavenLaunchDelegate -  mvn  -B -Dstyle.color=always 
2024-09-09 23:36:35,239 [Worker-39: Building] INFO  o.a.m.s.f.DefaultMavenResourcesFiltering - Copying 1 resource from src\main\resources to target\classes
2024-09-09 23:36:35,879 [Worker-39: Building] INFO  o.a.m.s.f.DefaultMavenResourcesFiltering - Copying 0 resource from src\main\resources to target\classes
2024-09-09 23:36:35,904 [Worker-39: Building] INFO  o.a.m.s.f.DefaultMavenResourcesFiltering - skip non existing resourceDirectory C:\Users\bolli\ACS560\HW2_REST_API\restaurant-sales\restaurant-sales\src\test\resources
